0 info it worked if it ends with ok
1 verbose cli [ '/nix/store/ajr6i77s89gjfjm59aazc16b5rvb39n7-nodejs-4.3.1/bin/node',
1 verbose cli   '/mnt/shared/sbin/npm',
1 verbose cli   'install',
1 verbose cli   '-g',
1 verbose cli   'heroku-cli' ]
2 info using npm@2.14.12
3 info using node@v4.3.1
4 verbose install initial load of /nix/store/ajr6i77s89gjfjm59aazc16b5rvb39n7-nodejs-4.3.1/lib/package.json
5 verbose readDependencies loading dependencies from /nix/store/ajr6i77s89gjfjm59aazc16b5rvb39n7-nodejs-4.3.1/lib/package.json
6 silly cache add args [ 'heroku-cli', null ]
7 verbose cache add spec heroku-cli
8 silly cache add parsed spec Result {
8 silly cache add   raw: 'heroku-cli',
8 silly cache add   scope: null,
8 silly cache add   name: 'heroku-cli',
8 silly cache add   rawSpec: '',
8 silly cache add   spec: 'latest',
8 silly cache add   type: 'tag' }
9 silly addNamed heroku-cli@latest
10 verbose addNamed "latest" is being treated as a dist-tag for heroku-cli
11 info addNameTag [ 'heroku-cli', 'latest' ]
12 silly mapToRegistry name heroku-cli
13 silly mapToRegistry using default registry
14 silly mapToRegistry registry https://registry.npmjs.org/
15 silly mapToRegistry uri https://registry.npmjs.org/heroku-cli
16 verbose addNameTag registry:https://registry.npmjs.org/heroku-cli not in flight; fetching
17 verbose request uri https://registry.npmjs.org/heroku-cli
18 verbose request no auth needed
19 info attempt registry request try #1 at 02:36:40
20 verbose request id ab4cff36d0091a6c
21 http request GET https://registry.npmjs.org/heroku-cli
22 http 200 https://registry.npmjs.org/heroku-cli
23 verbose headers { server: 'nginx/1.10.3',
23 verbose headers   'content-type': 'application/json',
23 verbose headers   'last-modified': 'Tue, 25 Jul 2017 22:02:53 GMT',
23 verbose headers   etag: 'W/"5977c00d-37ff0"',
23 verbose headers   'content-encoding': 'gzip',
23 verbose headers   'cache-control': 'max-age=300',
23 verbose headers   'content-length': '18915',
23 verbose headers   'accept-ranges': 'bytes',
23 verbose headers   date: 'Wed, 26 Jul 2017 02:36:40 GMT',
23 verbose headers   via: '1.1 varnish',
23 verbose headers   age: '11',
23 verbose headers   connection: 'keep-alive',
23 verbose headers   'x-served-by': 'cache-hkg6823-HKG',
23 verbose headers   'x-cache': 'HIT',
23 verbose headers   'x-cache-hits': '1',
23 verbose headers   'x-timer': 'S1501036600.167214,VS0,VE0',
23 verbose headers   vary: 'Accept-Encoding, Accept' }
24 silly get cb [ 200,
24 silly get   { server: 'nginx/1.10.3',
24 silly get     'content-type': 'application/json',
24 silly get     'last-modified': 'Tue, 25 Jul 2017 22:02:53 GMT',
24 silly get     etag: 'W/"5977c00d-37ff0"',
24 silly get     'content-encoding': 'gzip',
24 silly get     'cache-control': 'max-age=300',
24 silly get     'content-length': '18915',
24 silly get     'accept-ranges': 'bytes',
24 silly get     date: 'Wed, 26 Jul 2017 02:36:40 GMT',
24 silly get     via: '1.1 varnish',
24 silly get     age: '11',
24 silly get     connection: 'keep-alive',
24 silly get     'x-served-by': 'cache-hkg6823-HKG',
24 silly get     'x-cache': 'HIT',
24 silly get     'x-cache-hits': '1',
24 silly get     'x-timer': 'S1501036600.167214,VS0,VE0',
24 silly get     vary: 'Accept-Encoding, Accept' } ]
25 verbose get saving heroku-cli to /home/ubuntu/.npm/registry.npmjs.org/heroku-cli/.cache.json
26 silly addNameTag next cb for heroku-cli with tag latest
27 verbose stack Error: No compatible version found: heroku-cli@'latest'
27 verbose stack Valid install targets:
27 verbose stack ["6.0.0","6.0.1","6.0.2","6.0.7","6.1.4","6.1.5","6.1.6","6.1.7","6.2.0","6.2.1","6.3.0","6.3.1","6.4.0","6.4.1","6.5.0","6.5.1","6.5.2","6.5.3","6.5.4","6.5.5","6.6.0","6.6.2","6.6.5","6.6.7","6.6.8","6.6.9","6.6.10","6.6.11","6.6.12","6.6.13","6.6.14","6.6.15","6.6.16","6.6.17","6.6.18","6.6.19","6.7.0","6.7.1","6.7.2","6.7.3","6.7.4","6.8.0","6.8.1","6.8.2","6.8.3","6.8.4","6.8.5","6.9.0","6.9.1","6.9.2","6.9.3","6.9.4","6.9.5","6.9.6","6.9.7","6.10.0","6.10.1","6.10.2"]
27 verbose stack
27 verbose stack     at installTargetsError (/nix/store/ajr6i77s89gjfjm59aazc16b5rvb39n7-nodejs-4.3.1/lib/node_modules/npm/lib/cache/add-named.js:284:12)
27 verbose stack     at next (/nix/store/ajr6i77s89gjfjm59aazc16b5rvb39n7-nodejs-4.3.1/lib/node_modules/npm/lib/cache/add-named.js:94:10)
27 verbose stack     at RES (/nix/store/ajr6i77s89gjfjm59aazc16b5rvb39n7-nodejs-4.3.1/lib/node_modules/npm/node_modules/inflight/inflight.js:23:14)
27 verbose stack     at f (/nix/store/ajr6i77s89gjfjm59aazc16b5rvb39n7-nodejs-4.3.1/lib/node_modules/npm/node_modules/once/once.js:17:25)
27 verbose stack     at fixName (/nix/store/ajr6i77s89gjfjm59aazc16b5rvb39n7-nodejs-4.3.1/lib/node_modules/npm/lib/cache/add-named.js:29:5)
27 verbose stack     at saved (/nix/store/ajr6i77s89gjfjm59aazc16b5rvb39n7-nodejs-4.3.1/lib/node_modules/npm/lib/cache/caching-client.js:173:7)
27 verbose stack     at /nix/store/ajr6i77s89gjfjm59aazc16b5rvb39n7-nodejs-4.3.1/lib/node_modules/npm/node_modules/graceful-fs/polyfills.js:210:7
27 verbose stack     at FSReqWrap.oncomplete (fs.js:82:15)
28 verbose cwd /home/ubuntu/workspace
29 error Linux 4.9.17-c9
30 error argv "/nix/store/ajr6i77s89gjfjm59aazc16b5rvb39n7-nodejs-4.3.1/bin/node" "/mnt/shared/sbin/npm" "install" "-g" "heroku-cli"
31 error node v4.3.1
32 error npm  v2.14.12
33 error code ETARGET
34 error notarget No compatible version found: heroku-cli@'latest'
34 error notarget Valid install targets:
34 error notarget ["6.0.0","6.0.1","6.0.2","6.0.7","6.1.4","6.1.5","6.1.6","6.1.7","6.2.0","6.2.1","6.3.0","6.3.1","6.4.0","6.4.1","6.5.0","6.5.1","6.5.2","6.5.3","6.5.4","6.5.5","6.6.0","6.6.2","6.6.5","6.6.7","6.6.8","6.6.9","6.6.10","6.6.11","6.6.12","6.6.13","6.6.14","6.6.15","6.6.16","6.6.17","6.6.18","6.6.19","6.7.0","6.7.1","6.7.2","6.7.3","6.7.4","6.8.0","6.8.1","6.8.2","6.8.3","6.8.4","6.8.5","6.9.0","6.9.1","6.9.2","6.9.3","6.9.4","6.9.5","6.9.6","6.9.7","6.10.0","6.10.1","6.10.2"]
34 error notarget
34 error notarget This is most likely not a problem with npm itself.
34 error notarget In most cases you or one of your dependencies are requesting
34 error notarget a package version that doesn't exist.
35 verbose exit [ 1, true ]
